/videos/750684e9-7f47-0eff-6dfb-eb8bed4d211b/stream.mkv

{"Protocol":0,"Id":"750684e97f470eff6dfbeb8bed4d211b","Path":"/data/Movies/The.Blacklist.S09E01.1080p.HEVC.x265-MeGusta.mkv","EncoderPath":null,"EncoderProtocol":null,"Type":0,"Container":"mkv,webm","Size":464370145,"Name":"The.Blacklist.S09E01.1080p.HEVC.x265-MeGusta","IsRemote":false,"ETag":"d7a067490ac30381fea58c7bc401739f","RunTimeTicks":25773120000,"ReadAtNativeFramerate":false,"IgnoreDts":false,"IgnoreIndex":false,"GenPtsInput":false,"SupportsTranscoding":true,"SupportsDirectStream":true,"SupportsDirectPlay":true,"IsInfiniteStream":false,"RequiresOpening":false,"OpenToken":null,"RequiresClosing":false,"LiveStreamId":null,"BufferMs":null,"RequiresLooping":false,"SupportsProbing":true,"VideoType":0,"IsoType":null,"Video3DFormat":null,"MediaStreams":[{"Codec":"hevc","CodecTag":null,"Language":"eng","ColorRange":null,"ColorSpace":"bt709","ColorTransfer":"bt709","ColorPrimaries":"bt709","Comment":null,"TimeBase":"1/1000","CodecTimeBase":"1001/24000","Title":null,"VideoRange":"SDR","localizedUndefined":null,"localizedDefault":null,"localizedForced":null,"DisplayTitle":"1080p HEVC SDR","NalLengthSize":null,"IsInterlaced":false,"IsAVC":null,"ChannelLayout":null,"BitRate":1441409,"BitDepth":null,"RefFrames":1,"PacketLength":null,"Channels":null,"SampleRate":null,"IsDefault":true,"IsForced":false,"Height":1080,"Width":1920,"AverageFrameRate":23.976025,"RealFrameRate":23.976025,"Profile":"Main 10","Type":1,"AspectRatio":"16:9","Index":0,"Score":null,"IsExternal":false,"DeliveryMethod":null,"DeliveryUrl":null,"IsExternalUrl":null,"IsTextSubtitleStream":false,"SupportsExternalStream":false,"Path":null,"PixelFormat":"yuv420p10le","Level":120,"IsAnamorphic":null},{"Codec":"eac3","CodecTag":null,"Language":"eng","ColorRange":null,"ColorSpace":null,"ColorTransfer":null,"ColorPrimaries":null,"Comment":null,"TimeBase":"1/1000","CodecTimeBase":"1/48000","Title":null,"VideoRange":null,"localizedUndefined":null,"localizedDefault":null,"localizedForced":null,"DisplayTitle":"English - Dolby Digital\u002B - 6 ch - Default","NalLengthSize":null,"IsInterlaced":false,"IsAVC":null,"ChannelLayout":null,"BitRate":640000,"BitDepth":null,"RefFrames":null,"PacketLength":null,"Channels":6,"SampleRate":48000,"IsDefault":true,"IsForced":false,"Height":null,"Width":null,"AverageFrameRate":null,"RealFrameRate":null,"Profile":null,"Type":0,"AspectRatio":null,"Index":1,"Score":null,"IsExternal":false,"DeliveryMethod":null,"DeliveryUrl":null,"IsExternalUrl":null,"IsTextSubtitleStream":false,"SupportsExternalStream":false,"Path":null,"PixelFormat":null,"Level":0,"IsAnamorphic":null},{"Codec":"ass","CodecTag":null,"Language":"eng","ColorRange":null,"ColorSpace":null,"ColorTransfer":null,"ColorPrimaries":null,"Comment":null,"TimeBase":"1/1000","CodecTimeBase":"0/1","Title":"English","VideoRange":null,"localizedUndefined":"Undefined","localizedDefault":"Default","localizedForced":"Forced","DisplayTitle":"English - Default","NalLengthSize":null,"IsInterlaced":false,"IsAVC":null,"ChannelLayout":null,"BitRate":null,"BitDepth":null,"RefFrames":null,"PacketLength":null,"Channels":null,"SampleRate":null,"IsDefault":true,"IsForced":false,"Height":null,"Width":null,"AverageFrameRate":null,"RealFrameRate":null,"Profile":null,"Type":2,"AspectRatio":null,"Index":2,"Score":null,"IsExternal":false,"DeliveryMethod":null,"DeliveryUrl":null,"IsExternalUrl":null,"IsTextSubtitleStream":true,"SupportsExternalStream":true,"Path":null,"PixelFormat":null,"Level":0,"IsAnamorphic":null}],"MediaAttachments":[],"Formats":[],"Bitrate":2081409,"Timestamp":null,"RequiredHttpHeaders":{},"TranscodingUrl":null,"TranscodingSubProtocol":null,"TranscodingContainer":null,"AnalyzeDurationMs":null,"DefaultAudioStreamIndex":null,"DefaultSubtitleStreamIndex":null}

/usr/lib/jellyfin-ffmpeg/ffmpeg -f matroska,webm -i file:"/data/Movies/The.Blacklist.S09E01.1080p.HEVC.x265-MeGusta.mkv" -map 0:0 -map 0:1 -codec:v:0 libx264 -force_key_frames "expr:gte(t,n_forced*5)" -vf "scale=trunc(min(max(iw\,ih*dar)\,min(1920\,1080*dar))/2)*2:trunc(min(max(iw/dar\,ih)\,min(1920/dar\,1080))/2)*2,subtitles='/data/Movies/The.Blacklist.S09E01.1080p.HEVC.x265-MeGusta.mkv:si=0'" -copyts -avoid_negative_ts disabled -start_at_zero -pix_fmt yuv420p -preset superfast -crf 23 -maxrate 6005870 -bufsize 12011740 -profile:v:0 high -level 41 -x264opts:0 subme=0:me_range=4:rc_lookahead=10:me=dia:no_chroma_me:8x8dct=0:partitions=none -vsync -1 -map_metadata -1 -map_chapters -1 -threads 0 -codec:a:0 ac3 -ac 6 -ab 640000 -y "/config/data/transcodes/3fd21ecf869a281b3337d01669e75577.mkv"


ffmpeg version 4.3.1-Jellyfin Copyright (c) 2000-2020 the FFmpeg developers
  built with gcc 9 (Ubuntu 9.3.0-17ubuntu1~20.04)
  configuration: --prefix=/usr/lib/jellyfin-ffmpeg --target-os=linux --extra-version=Jellyfin --disable-doc --disable-ffplay --disable-shared --disable-libxcb --disable-sdl2 --disable-xlib --enable-gpl --enable-version3 --enable-static --enable-libfontconfig --enable-fontconfig --enable-gmp --enable-gnutls --enable-libass --enable-libbluray --enable-libdrm --enable-libfreetype --enable-libfribidi --enable-libmp3lame --enable-libopus --enable-libtheora --enable-libvorbis --enable-libdav1d --enable-libwebp --enable-libvpx --enable-libx264 --enable-libx265 --enable-libzvbi --enable-libzimg --toolchain=hardened --enable-cross-compile --enable-omx --enable-omx-rpi --enable-mmal --arch=armhf --cross-prefix=/usr/bin/arm-linux-gnueabihf-
  libavutil      56. 51.100 / 56. 51.100
  libavcodec     58. 91.100 / 58. 91.100
  libavformat    58. 45.100 / 58. 45.100
  libavdevice    58. 10.100 / 58. 10.100
  libavfilter     7. 85.100 /  7. 85.100
  libswscale      5.  7.100 /  5.  7.100
  libswresample   3.  7.100 /  3.  7.100
  libpostproc    55.  7.100 / 55.  7.100
Guessed Channel Layout for Input Stream #0.1 : 5.1
Input #0, matroska,webm, from 'file:/data/Movies/The.Blacklist.S09E01.1080p.HEVC.x265-MeGusta.mkv':
  Metadata:
    ENCODER         : Lavf58.76.100
  Duration: 00:42:57.31, start: 0.000000, bitrate: 1441 kb/s
    Stream #0:0(eng): Video: hevc (Main 10), yuv420p10le(tv, bt709, progressive), 1920x1080 [SAR 1:1 DAR 16:9], 23.98 fps, 23.98 tbr, 1k tbn, 23.98 tbc (default)
    Metadata:
      BPS             : 8987660
      NUMBER_OF_FRAMES: 61793
      NUMBER_OF_BYTES : 2895468237
      _STATISTICS_WRITING_APP: mkvmerge v61.0.0 ('So') 64-bit
      _STATISTICS_WRITING_DATE_UTC: 2021-10-22 04:58:13
      _STATISTICS_TAGS: BPS DURATION NUMBER_OF_FRAMES NUMBER_OF_BYTES
      ENCODER         : Lavc58.134.100 libx265
      DURATION        : 00:42:57.283000000
    Stream #0:1(eng): Audio: eac3, 48000 Hz, 5.1, fltp (default)
    Metadata:
      BPS             : 640000
      NUMBER_OF_FRAMES: 80541
      NUMBER_OF_BYTES : 206184960
      _STATISTICS_WRITING_APP: mkvmerge v61.0.0 ('So') 64-bit
      _STATISTICS_WRITING_DATE_UTC: 2021-10-22 04:58:13
      _STATISTICS_TAGS: BPS DURATION NUMBER_OF_FRAMES NUMBER_OF_BYTES
      DURATION        : 00:42:57.312000000
    Stream #0:2(eng): Subtitle: ass (default)
    Metadata:
      title           : English
      BPS             : 89
      NUMBER_OF_FRAMES: 842
      NUMBER_OF_BYTES : 28363
      _STATISTICS_WRITING_APP: mkvmerge v61.0.0 ('So') 64-bit
      _STATISTICS_WRITING_DATE_UTC: 2021-10-22 04:58:13
      _STATISTICS_TAGS: BPS DURATION NUMBER_OF_FRAMES NUMBER_OF_BYTES
      ENCODER         : Lavc58.134.100 ssa
      DURATION        : 00:42:18.570000000
Stream mapping:
  Stream #0:0 -> #0:0 (hevc (native) -> h264 (libx264))
  Stream #0:1 -> #0:1 (eac3 (native) -> ac3 (native))
Press [q] to stop, [?] for help
[Parsed_subtitles_1 @ 0x2f70310] Shaper: FriBidi 0.19.7 (SIMPLE) HarfBuzz-ng 2.6.4 (COMPLEX)
[Parsed_subtitles_1 @ 0x2f70310] Using font provider fontconfig
[libx264 @ 0x2c39f70] using SAR=1/1
[libx264 @ 0x2c39f70] using cpu capabilities: ARMv6 NEON
[libx264 @ 0x2c39f70] profile Main, level 4.1
[libx264 @ 0x2c39f70] 264 - core 155 r2917 0a84d98 - H.264/MPEG-4 AVC codec - Copyleft 2003-2018 - http://www.videolan.org/x264.html - options: cabac=1 ref=1 deblock=1:0:0 analyse=0x1:0 me=dia subme=0 psy=1 psy_rd=1.00:0.00 mixed_ref=0 me_range=4 chroma_me=0 trellis=0 8x8dct=0 cqm=0 deadzone=21,11 fast_pskip=1 chroma_qp_offset=0 threads=6 lookahead_threads=1 sliced_threads=0 nr=0 decimate=1 interlaced=0 bluray_compat=0 constrained_intra=0 bframes=3 b_pyramid=2 b_adapt=1 b_bias=0 direct=1 weightb=1 open_gop=0 weightp=1 keyint=250 keyint_min=23 scenecut=40 intra_refresh=0 rc_lookahead=10 rc=crf mbtree=0 crf=23.0 qcomp=0.60 qpmin=0 qpmax=69 qpstep=4 vbv_maxrate=6005 vbv_bufsize=12011 crf_max=0.0 nal_hrd=none filler=0 ip_ratio=1.40 pb_ratio=1.30 aq=1:1.00
Output #0, matroska, to '/config/data/transcodes/3fd21ecf869a281b3337d01669e75577.mkv':
  Metadata:
    encoder         : Lavf58.45.100
    Stream #0:0: Video: h264 (libx264) (H264 / 0x34363248), yuv420p, 1920x1080 [SAR 1:1 DAR 16:9], q=-1--1, 23.98 fps, 1k tbn, 23.98 tbc (default)
    Metadata:
      encoder         : Lavc58.91.100 libx264
    Side data:
      cpb: bitrate max/min/avg: 6005000/0/0 buffer size: 12011000 vbv_delay: N/A
    Stream #0:1: Audio: ac3 ([0] [0][0] / 0x2000), 48000 Hz, 5.1, fltp, 640 kb/s (default)
    Metadata:
      encoder         : Lavc58.91.100 ac3
frame=    1 fps=0.4 q=0.0 size=       1kB time=00:00:00.18 bitrate=  32.7kbits/s speed=0.0714x    
frame=   13 fps=4.1 q=0.0 size=       1kB time=00:00:00.66 bitrate=   9.2kbits/s speed=0.211x    
frame=   21 fps=5.7 q=18.0 size=       1kB time=00:00:01.01 bitrate=   6.0kbits/s speed=0.277x    
frame=   28 fps=6.6 q=22.0 size=       1kB time=00:00:01.30 bitrate=   4.7kbits/s speed=0.309x    
[Parsed_subtitles_1 @ 0x2f70310] fontselect: (Arial, 400, 0) -> /usr/share/fonts/truetype/dejavu/DejaVuSans.ttf, 0, DejaVuSans
frame=   37 fps=7.8 q=23.0 size=       1kB time=00:00:01.69 bitrate=   3.6kbits/s speed=0.355x    
frame=   45 fps=8.5 q=23.0 size=       1kB time=00:00:02.01 bitrate=   3.0kbits/s speed=0.379x    
frame=   53 fps=9.0 q=23.0 size=       1kB time=00:00:02.33 bitrate=   2.6kbits/s speed=0.396x    
frame=   62 fps=9.6 q=23.0 size=       1kB time=00:00:02.71 bitrate=   2.3kbits/s speed=0.421x    
frame=   73 fps= 10 q=22.0 size=       1kB time=00:00:03.19 bitrate=   1.9kbits/s speed=0.458x    
frame=   81 fps= 11 q=23.0 size=       1kB time=00:00:03.51 bitrate=   1.7kbits/s speed=0.469x    
frame=   88 fps= 11 q=22.0 size=       1kB time=00:00:03.80 bitrate=   1.6kbits/s speed=0.471x    
frame=   98 fps= 11 q=23.0 size=       1kB time=00:00:04.21 bitrate=   1.5kbits/s speed=0.483x    
frame=  107 fps= 12 q=22.0 size=       1kB time=00:00:04.60 bitrate=   1.3kbits/s speed=0.497x    
frame=  115 fps= 12 q=23.0 size=       1kB time=00:00:04.92 bitrate=   1.2kbits/s speed=0.504x    
frame=  124 fps= 12 q=21.0 size=       1kB time=00:00:05.30 bitrate=   1.2kbits/s speed=0.514x    
frame=  134 fps= 12 q=23.0 size=       1kB time=00:00:05.72 bitrate=   1.1kbits/s speed=0.521x    
frame=  142 fps= 12 q=22.0 size=    1792kB time=00:00:06.04 bitrate=2429.3kbits/s speed=0.525x    
frame=  154 fps= 13 q=21.0 size=    1792kB time=00:00:06.55 bitrate=2239.5kbits/s speed=0.542x    
frame=  163 fps= 13 q=22.0 size=    1792kB time=00:00:06.93 bitrate=2115.6kbits/s speed=0.549x    
frame=  172 fps= 13 q=23.0 size=    1792kB time=00:00:07.32 bitrate=2004.7kbits/s speed=0.555x    
frame=  182 fps= 13 q=21.0 size=    1792kB time=00:00:07.73 bitrate=1896.9kbits/s speed=0.56x    
frame=  189 fps= 13 q=19.0 size=    1792kB time=00:00:08.02 bitrate=1828.8kbits/s speed=0.557x    
frame=  197 fps= 13 q=19.0 size=    1792kB time=00:00:08.34 bitrate=1758.7kbits/s speed=0.559x    
frame=  207 fps= 13 q=23.0 size=    1792kB time=00:00:08.76 bitrate=1675.2kbits/s speed=0.568x    
frame=  217 fps= 14 q=19.0 size=    1792kB time=00:00:09.17 bitrate=1599.3kbits/s speed=0.575x    
frame=  224 fps= 14 q=22.0 size=    1792kB time=00:00:09.46 bitrate=1550.7kbits/s speed=0.575x    
frame=  237 fps= 14 q=19.0 size=    1792kB time=00:00:10.01 bitrate=1466.4kbits/s speed=0.583x    
frame=  249 fps= 14 q=21.0 size=    1792kB time=00:00:10.52 bitrate=1395.0kbits/s speed=0.594x    
frame=  256 fps= 14 q=18.0 size=    1792kB time=00:00:10.81 bitrate=1357.9kbits/s speed=0.593x    
frame=  267 fps= 14 q=22.0 size=    3328kB time=00:00:11.25 bitrate=2421.4kbits/s speed= 0.6x    
frame=  275 fps= 14 q=21.0 size=    3328kB time=00:00:11.61 bitrate=2348.0kbits/s speed=0.603x    
frame=  281 fps= 14 q=20.0 size=    3328kB time=00:00:11.86 bitrate=2297.4kbits/s speed=0.601x    
frame=  291 fps= 14 q=23.0 size=    3328kB time=00:00:12.28 bitrate=2219.6kbits/s speed=0.602x    
frame=  302 fps= 14 q=21.0 size=    3328kB time=00:00:12.73 bitrate=2141.5kbits/s speed=0.609x    
frame=  310 fps= 14 q=20.0 size=    3328kB time=00:00:13.05 bitrate=2089.0kbits/s speed=0.608x    
frame=  318 fps= 14 q=22.0 size=    3328kB time=00:00:13.40 bitrate=2034.1kbits/s speed=0.609x    
frame=  327 fps= 14 q=23.0 size=    3328kB time=00:00:13.78 bitrate=1977.4kbits/s speed=0.611x    
frame=  335 fps= 14 q=23.0 size=    3328kB time=00:00:14.10 bitrate=1932.6kbits/s speed=0.61x    
frame=  343 fps= 14 q=24.0 size=    3328kB time=00:00:14.42 bitrate=1889.7kbits/s speed=0.608x    
frame=  352 fps= 15 q=24.0 size=    3328kB time=00:00:14.81 bitrate=1840.7kbits/s speed=0.611x    
frame=  360 fps= 14 q=24.0 size=    3328kB time=00:00:15.16 bitrate=1798.0kbits/s speed=0.61x    
frame=  367 fps= 14 q=23.0 size=    3328kB time=00:00:15.45 bitrate=1764.5kbits/s speed=0.609x    
frame=  375 fps= 14 q=23.0 size=    3328kB time=00:00:15.77 bitrate=1728.7kbits/s speed=0.609x    
frame=  385 fps= 15 q=21.0 size=    5376kB time=00:00:16.15 bitrate=2726.1kbits/s speed=0.612x    
frame=  391 fps= 14 q=23.0 size=    5376kB time=00:00:16.44 bitrate=2678.4kbits/s speed=0.608x    
frame=  401 fps= 15 q=21.0 size=    5376kB time=00:00:16.85 bitrate=2612.3kbits/s speed=0.611x    
frame=  409 fps= 14 q=21.0 size=    5376kB time=00:00:17.17 bitrate=2563.6kbits/s speed=0.605x    
frame=  418 fps= 14 q=21.0 size=    5888kB time=00:00:17.56 bitrate=2746.4kbits/s speed=0.607x    
frame=  424 fps= 14 q=22.0 size=    5888kB time=00:00:17.81 bitrate=2706.9kbits/s speed=0.604x    
frame=  432 fps= 14 q=21.0 size=    5888kB time=00:00:18.13 bitrate=2659.2kbits/s speed=0.604x    
frame=  438 fps= 14 q=23.0 size=    5888kB time=00:00:18.39 bitrate=2622.2kbits/s speed=0.599x    
frame=  448 fps= 14 q=21.0 size=    5888kB time=00:00:18.81 bitrate=2564.2kbits/s speed=0.602x    
frame=  456 fps= 14 q=21.0 size=    5888kB time=00:00:19.16 bitrate=2517.1kbits/s speed=0.604x    
frame=  462 fps= 14 q=19.0 size=    5888kB time=00:00:19.41 bitrate=2483.9kbits/s speed=0.601x    
frame=  471 fps= 14 q=22.0 size=    6912kB time=00:00:19.77 bitrate=2863.9kbits/s speed=0.601x    
frame=  477 fps= 14 q=19.0 size=    6912kB time=00:00:20.02 bitrate=2827.3kbits/s speed=0.599x    
frame=  487 fps= 14 q=22.0 size=    6912kB time=00:00:20.44 bitrate=2769.8kbits/s speed=0.602x    
frame=  494 fps= 14 q=21.0 size=    6912kB time=00:00:20.73 bitrate=2731.3kbits/s speed= 0.6x    
frame=  503 fps= 14 q=24.0 size=    7424kB time=00:00:21.11 bitrate=2880.3kbits/s speed=0.601x    
frame=  509 fps= 14 q=24.0 size=    7424kB time=00:00:21.37 bitrate=2845.8kbits/s speed= 0.6x    
frame=  515 fps= 14 q=25.0 size=    7424kB time=00:00:21.62 bitrate=2812.1kbits/s speed=0.598x    
frame=  522 fps= 14 q=22.0 size=    7424kB time=00:00:21.91 bitrate=2775.1kbits/s speed=0.597x    
frame=  529 fps= 14 q=22.0 size=    7424kB time=00:00:22.20 bitrate=2739.2kbits/s speed=0.594x    
frame=  538 fps= 14 q=24.0 size=    8448kB time=00:00:22.58 bitrate=3064.0kbits/s speed=0.596x    
frame=  546 fps= 14 q=21.0 size=    8448kB time=00:00:22.90 bitrate=3021.2kbits/s speed=0.595x    
frame=  555 fps= 14 q=21.0 size=    8448kB time=00:00:23.29 bitrate=2971.4kbits/s speed=0.597x    
frame=  560 fps= 14 q=19.0 size=    8448kB time=00:00:23.48 bitrate=2947.1kbits/s speed=0.594x    
frame=  569 fps= 14 q=20.0 size=    8960kB time=00:00:23.86 bitrate=3075.4kbits/s speed=0.596x    
frame=  578 fps= 14 q=21.0 size=    8960kB time=00:00:24.25 bitrate=3026.7kbits/s speed=0.596x    
frame=  584 fps= 14 q=23.0 size=    8960kB time=00:00:24.50 bitrate=2995.1kbits/s speed=0.595x    
frame=  592 fps= 14 q=22.0 size=    8960kB time=00:00:24.82 bitrate=2956.5kbits/s speed=0.594x    
frame=  600 fps= 14 q=24.0 size=    8960kB time=00:00:25.14 bitrate=2918.8kbits/s speed=0.594x    
frame=  608 fps= 14 q=21.0 size=    8960kB time=00:00:25.49 bitrate=2878.6kbits/s speed=0.595x    
frame=  616 fps= 14 q=20.0 size=    8960kB time=00:00:25.81 bitrate=2842.9kbits/s speed=0.594x    
frame=  623 fps= 14 q=22.0 size=   10240kB time=00:00:26.10 bitrate=3213.2kbits/s speed=0.593x    
frame=  630 fps= 14 q=22.0 size=   10240kB time=00:00:26.42 bitrate=3174.3kbits/s speed=0.592x    
frame=  638 fps= 14 q=22.0 size=   10240kB time=00:00:26.74 bitrate=3136.3kbits/s speed=0.591x    
frame=  648 fps= 14 q=22.0 size=   10240kB time=00:00:27.16 bitrate=3088.2kbits/s speed=0.592x    
frame=  655 fps= 14 q=24.0 size=   10240kB time=00:00:27.45 bitrate=3055.8kbits/s speed=0.592x    
frame=  660 fps= 14 q=21.0 size=   10240kB time=00:00:27.67 bitrate=3031.1kbits/s speed=0.59x    
frame=  669 fps= 14 q=22.0 size=   10240kB time=00:00:28.02 bitrate=2993.0kbits/s speed=0.591x    
frame=  676 fps= 14 q=21.0 size=   10240kB time=00:00:28.31 bitrate=2962.6kbits/s speed=0.591x    
frame=  684 fps= 14 q=21.0 size=   10240kB time=00:00:28.66 bitrate=2926.2kbits/s speed=0.59x    
frame=  692 fps= 14 q=22.0 size=   10240kB time=00:00:28.98 bitrate=2893.9kbits/s speed=0.589x    
frame=  700 fps= 14 q=23.0 size=   10240kB time=00:00:29.33 bitrate=2859.2kbits/s speed=0.59x    
frame=  707 fps= 14 q=24.0 size=   10240kB time=00:00:29.62 bitrate=2831.4kbits/s speed=0.59x    
frame=  716 fps= 14 q=24.0 size=   10240kB time=00:00:30.01 bitrate=2795.2kbits/s speed=0.591x    
frame=  724 fps= 14 q=21.0 size=   10240kB time=00:00:30.33 bitrate=2765.7kbits/s speed=0.591x    
frame=  731 fps= 14 q=19.0 size=   10240kB time=00:00:30.61 bitrate=2739.7kbits/s speed=0.589x    
frame=  737 fps= 14 q=22.0 size=   12800kB time=00:00:30.87 bitrate=3396.2kbits/s speed=0.588x    
frame=  746 fps= 14 q=22.0 size=   13056kB time=00:00:31.25 bitrate=3421.6kbits/s speed=0.589x    
frame=  753 fps= 14 q=22.0 size=   13056kB time=00:00:31.54 bitrate=3390.3kbits/s speed=0.588x    
frame=  761 fps= 14 q=22.0 size=   13056kB time=00:00:31.83 bitrate=3359.7kbits/s speed=0.588x    
frame=  767 fps= 14 q=25.0 size=   13056kB time=00:00:32.12 bitrate=3329.5kbits/s speed=0.587x    
frame=  774 fps= 14 q=23.0 size=   13056kB time=00:00:32.41 bitrate=3300.0kbits/s speed=0.586x    
frame=  783 fps= 14 q=25.0 size=   13056kB time=00:00:32.79 bitrate=3261.3kbits/s speed=0.587x    
frame=  792 fps= 14 q=21.0 size=   14080kB time=00:00:33.17 bitrate=3476.4kbits/s speed=0.589x    
frame=  801 fps= 14 q=22.0 size=   14080kB time=00:00:33.53 bitrate=3439.9kbits/s speed=0.588x    
frame=  810 fps= 14 q=23.0 size=   14080kB time=00:00:33.91 bitrate=3401.0kbits/s speed=0.589x    
frame=  820 fps= 14 q=20.0 size=   14080kB time=00:00:34.33 bitrate=3359.7kbits/s speed=0.591x    
frame=  827 fps= 14 q=23.0 size=   14080kB time=00:00:34.61 bitrate=3331.8kbits/s speed=0.591x    
frame=  832 fps= 14 q=21.0 size=   14080kB time=00:00:34.84 bitrate=3310.4kbits/s speed=0.589x    
frame=  841 fps= 14 q=22.0 size=   14080kB time=00:00:35.22 bitrate=3274.3kbits/s speed=0.591x    
frame=  851 fps= 14 q=23.0 size=   14080kB time=00:00:35.64 bitrate=3236.1kbits/s speed=0.593x    
frame=  860 fps= 14 q=25.0 size=   14080kB time=00:00:35.99 bitrate=3204.4kbits/s speed=0.593x    
frame=  872 fps= 14 q=18.0 size=   15104kB time=00:00:36.50 bitrate=3389.3kbits/s speed=0.596x    
frame=  883 fps= 14 q=17.0 size=   15104kB time=00:00:36.95 bitrate=3348.2kbits/s speed=0.598x    
frame=  892 fps= 14 q=16.0 size=   15104kB time=00:00:37.33 bitrate=3313.7kbits/s speed=0.599x    
frame=  902 fps= 14 q=15.0 size=   16384kB time=00:00:37.75 bitrate=3555.0kbits/s speed= 0.6x    
frame=  915 fps= 14 q=16.0 size=   16384kB time=00:00:38.29 bitrate=3504.5kbits/s speed=0.604x    
frame=  925 fps= 14 q=17.0 size=   16384kB time=00:00:38.71 bitrate=3466.8kbits/s speed=0.605x    
frame=  933 fps= 14 q=17.0 size=   16384kB time=00:00:39.03 bitrate=3438.4kbits/s speed=0.606x    
frame=  942 fps= 14 q=15.0 size=   16384kB time=00:00:39.41 bitrate=3404.9kbits/s speed=0.606x    
frame=  948 fps= 14 q=24.0 size=   16640kB time=00:00:39.67 bitrate=3435.8kbits/s speed=0.605x    
frame=  957 fps= 14 q=24.0 size=   16640kB time=00:00:40.05 bitrate=3402.9kbits/s speed=0.605x    
frame=  967 fps= 14 q=25.0 size=   16640kB time=00:00:40.47 bitrate=3367.9kbits/s speed=0.606x    
frame=  975 fps= 14 q=25.0 size=   16640kB time=00:00:40.79 bitrate=3341.5kbits/s speed=0.606x    
frame=  981 fps= 14 q=24.0 size=   17920kB time=00:00:41.05 bitrate=3576.1kbits/s speed=0.604x    
frame=  992 fps= 14 q=26.0 size=   17920kB time=00:00:41.49 bitrate=3537.5kbits/s speed=0.606x    
frame= 1000 fps= 14 q=26.0 size=   17920kB time=00:00:41.85 bitrate=3507.7kbits/s speed=0.605x    
frame= 1006 fps= 14 q=24.0 size=   17920kB time=00:00:42.10 bitrate=3486.4kbits/s speed=0.605x    
frame= 1015 fps= 14 q=26.0 size=   17920kB time=00:00:42.45 bitrate=3457.5kbits/s speed=0.605x    
frame= 1025 fps= 14 q=24.0 size=   17920kB time=00:00:42.87 bitrate=3423.9kbits/s speed=0.605x    
frame= 1032 fps= 14 q=-1.0 Lsize=   20476kB time=00:00:43.13 bitrate=3889.0kbits/s speed=0.601x    
video:17088kB audio:3370kB subtitle:0kB other streams:0kB global headers:0kB muxing overhead: 0.087978%
[libx264 @ 0x2c39f70] frame I:20    Avg QP:13.27  size:108158
[libx264 @ 0x2c39f70] frame P:323   Avg QP:15.17  size: 30824
[libx264 @ 0x2c39f70] frame B:689   Avg QP:17.86  size:  7805
[libx264 @ 0x2c39f70] consecutive B-frames:  8.1%  6.6%  5.8% 79.5%
[libx264 @ 0x2c39f70] mb I  I16..4: 49.4%  0.0% 50.6%
[libx264 @ 0x2c39f70] mb P  I16..4: 35.3%  0.0%  0.0%  P16..4: 41.3%  0.0%  0.0%  0.0%  0.0%    skip:23.4%
[libx264 @ 0x2c39f70] mb B  I16..4:  3.6%  0.0%  0.0%  B16..8: 22.3%  0.0%  0.0%  direct: 8.8%  skip:65.3%  L0:40.8% L1:49.6% BI: 9.7%
[libx264 @ 0x2c39f70] coded y,uvDC,uvAC intra: 18.6% 37.5% 18.2% inter: 8.7% 10.2% 0.1%
[libx264 @ 0x2c39f70] i16 v,h,dc,p: 52% 19% 10% 18%
[libx264 @ 0x2c39f70] i4 v,h,dc,ddl,ddr,vr,hd,vl,hu: 24% 22% 19%  3%  8%  5%  6%  4%  8%
[libx264 @ 0x2c39f70] i8c dc,h,v,p: 61% 15% 18%  5%
[libx264 @ 0x2c39f70] Weighted P-Frames: Y:0.6% UV:0.3%
[libx264 @ 0x2c39f70] kb/s:3251.98